
> worknex-backend@1.0.0 dev
> nodemon src/app.js

[33m[nodemon] 3.1.14[39m
[33m[nodemon] to restart at any time, enter `rs`[39m
[33m[nodemon] watching path(s): *.*[39m
[33m[nodemon] watching extensions: js,mjs,cjs,json[39m
[32m[nodemon] starting `node src/app.js`[39m
2026-06-15 02:46:06 [[32minfo[39m]: [CRON] All scheduled jobs registered
2026-06-15 02:46:06 [[32minfo[39m]: [ETL Scheduler] Starting ETL scheduler...
2026-06-15 02:46:06 [[32minfo[39m]: [ETL Scheduler] Nightly ETL scheduled: 0 0 * * *
2026-06-15 02:46:06 [[32minfo[39m]: [ETL Scheduler] Monthly ETL scheduled: 0 0 1 * *
2026-06-15 02:46:06 [[32minfo[39m]: [ETL Scheduler] All ETL jobs scheduled successfully
2026-06-15 02:46:06 [[32minfo[39m]: Database connected successfully
prisma:query 
      SELECT EXISTS (
        SELECT 1 FROM information_schema.tables
        WHERE table_schema = 'public' AND table_name = $1
      ) AS "exists"
    
prisma:query 
      SELECT EXISTS (
        SELECT 1 FROM information_schema.tables
        WHERE table_schema = 'public' AND table_name = $1
      ) AS "exists"
    
prisma:query 
      SELECT EXISTS (
        SELECT 1 FROM information_schema.tables
        WHERE table_schema = 'public' AND table_name = $1
      ) AS "exists"
    
prisma:query 
      SELECT EXISTS (
        SELECT 1 FROM information_schema.tables
        WHERE table_schema = 'public' AND table_name = $1
      ) AS "exists"
    
prisma:query 
      SELECT EXISTS (
        SELECT 1 FROM information_schema.tables
        WHERE table_schema = 'public' AND table_name = $1
      ) AS "exists"
    
2026-06-15 02:46:06 [[32minfo[39m]: Database migration check passed
2026-06-15 02:46:06 [[32minfo[39m]: WorkNex AI Backend running on http://0.0.0.0:5000 [development]
2026-06-15 02:46:06 [[32minfo[39m]: Network access: http://192.168.100.7:5000
2026-06-15 02:46:08 [[32minfo[39m]: 127.0.0.1 - - [14/Jun/2026:21:46:08 +0000] "GET /health HTTP/1.1" 200 104 "-" "Mozilla/5.0 (Windows NT; Windows NT 10.0; en-US) WindowsPowerShell/5.1.26100.8655"
prisma:query SELECT 1
prisma:query SELECT "public"."User"."id", "public"."User"."email", "public"."User"."role"::text, "public"."User"."isActive", "public"."User"."firstName", "public"."User"."lastName", "public"."User"."employeeId", "public"."User"."departmentId", "public"."User"."managerId", "public"."User"."organizationId" FROM "public"."User" WHERE ("public"."User"."id" = $1 AND 1=1) LIMIT $2 OFFSET $3
prisma:query SELECT "public"."Attendance"."id", "public"."Attendance"."organizationId", "public"."Attendance"."userId", "public"."Attendance"."date", "public"."Attendance"."checkIn", "public"."Attendance"."checkOut", "public"."Attendance"."status"::text, "public"."Attendance"."workingHours", "public"."Attendance"."source", "public"."Attendance"."latitude", "public"."Attendance"."longitude", "public"."Attendance"."ipAddress", "public"."Attendance"."notes", "public"."Attendance"."createdAt", "public"."Attendance"."updatedAt" FROM "public"."Attendance" WHERE (("public"."Attendance"."userId" = $1 AND "public"."Attendance"."date" = $2) AND 1=1) LIMIT $3 OFFSET $4
prisma:query SELECT "public"."Holiday"."id", "public"."Holiday"."organizationId", "public"."Holiday"."name", "public"."Holiday"."date", "public"."Holiday"."description", "public"."Holiday"."isRecurring", "public"."Holiday"."createdAt" FROM "public"."Holiday" WHERE ("public"."Holiday"."organizationId" = $1 AND "public"."Holiday"."date" = $2) LIMIT $3 OFFSET $4
prisma:query SELECT "public"."Holiday"."id", "public"."Holiday"."organizationId", "public"."Holiday"."name", "public"."Holiday"."date", "public"."Holiday"."description", "public"."Holiday"."isRecurring", "public"."Holiday"."createdAt" FROM "public"."Holiday" WHERE ("public"."Holiday"."organizationId" = $1 AND "public"."Holiday"."isRecurring" = $2) OFFSET $3
prisma:query SELECT "public"."LeaveRequest"."id", "public"."LeaveRequest"."organizationId", "public"."LeaveRequest"."employeeId", "public"."LeaveRequest"."approverId", "public"."LeaveRequest"."leaveType"::text, "public"."LeaveRequest"."startDate", "public"."LeaveRequest"."endDate", "public"."LeaveRequest"."totalDays", "public"."LeaveRequest"."reason", "public"."LeaveRequest"."status"::text, "public"."LeaveRequest"."approverNote", "public"."LeaveRequest"."appliedAt", "public"."LeaveRequest"."reviewedAt", "public"."LeaveRequest"."updatedAt" FROM "public"."LeaveRequest" WHERE ("public"."LeaveRequest"."organizationId" = $1 AND "public"."LeaveRequest"."employeeId" = $2 AND "public"."LeaveRequest"."status" = CAST($3::text AS "public"."LeaveStatus") AND "public"."LeaveRequest"."startDate" <= $4 AND "public"."LeaveRequest"."endDate" >= $5) LIMIT $6 OFFSET $7
prisma:query INSERT INTO "public"."Attendance" ("id","organizationId","userId","date","checkIn","status","source","ipAddress","createdAt","updatedAt") VALUES ($1,$2,$3,$4,$5,CAST($6::text AS "public"."AttendanceStatus"),$7,$8,$9,$10) ON CONFLICT ("userId","date") DO UPDATE SET "checkIn" = $11, "checkOut" = $12, "workingHours" = $13, "status" = CAST($14::text AS "public"."AttendanceStatus"), "ipAddress" = $15, "source" = $16, "updatedAt" = $17 WHERE (("public"."Attendance"."userId" = $18 AND "public"."Attendance"."date" = $19) AND 1=1) RETURNING "public"."Attendance"."id", "public"."Attendance"."organizationId", "public"."Attendance"."userId", "public"."Attendance"."date", "public"."Attendance"."checkIn", "public"."Attendance"."checkOut", "public"."Attendance"."status"::text, "public"."Attendance"."workingHours", "public"."Attendance"."source", "public"."Attendance"."latitude", "public"."Attendance"."longitude", "public"."Attendance"."ipAddress", "public"."Attendance"."notes", "public"."Attendance"."createdAt", "public"."Attendance"."updatedAt"
2026-06-15 02:46:32 [[32minfo[39m]: 127.0.0.1 - - [14/Jun/2026:21:46:32 +0000] "POST /api/v1/attendance/ping HTTP/1.1" 200 114 "http://localhost:3000/" "Mozilla/5.0 (Windows NT 10.0; Win64; x64) AppleWebKit/537.36 (KHTML, like Gecko) Chrome/148.0.0.0 Safari/537.36"
prisma:query SELECT "public"."User"."id", "public"."User"."email", "public"."User"."role"::text, "public"."User"."isActive", "public"."User"."firstName", "public"."User"."lastName", "public"."User"."employeeId", "public"."User"."departmentId", "public"."User"."managerId", "public"."User"."organizationId" FROM "public"."User" WHERE ("public"."User"."id" = $1 AND 1=1) LIMIT $2 OFFSET $3
prisma:query SELECT "public"."Attendance"."id", "public"."Attendance"."organizationId", "public"."Attendance"."userId", "public"."Attendance"."date", "public"."Attendance"."checkIn", "public"."Attendance"."checkOut", "public"."Attendance"."status"::text, "public"."Attendance"."workingHours", "public"."Attendance"."source", "public"."Attendance"."latitude", "public"."Attendance"."longitude", "public"."Attendance"."ipAddress", "public"."Attendance"."notes", "public"."Attendance"."createdAt", "public"."Attendance"."updatedAt" FROM "public"."Attendance" WHERE (("public"."Attendance"."userId" = $1 AND "public"."Attendance"."date" = $2) AND 1=1) LIMIT $3 OFFSET $4
prisma:query SELECT "public"."Holiday"."id", "public"."Holiday"."organizationId", "public"."Holiday"."name", "public"."Holiday"."date", "public"."Holiday"."description", "public"."Holiday"."isRecurring", "public"."Holiday"."createdAt" FROM "public"."Holiday" WHERE ("public"."Holiday"."organizationId" = $1 AND "public"."Holiday"."date" = $2) LIMIT $3 OFFSET $4
prisma:query SELECT "public"."Holiday"."id", "public"."Holiday"."organizationId", "public"."Holiday"."name", "public"."Holiday"."date", "public"."Holiday"."description", "public"."Holiday"."isRecurring", "public"."Holiday"."createdAt" FROM "public"."Holiday" WHERE ("public"."Holiday"."organizationId" = $1 AND "public"."Holiday"."isRecurring" = $2) OFFSET $3
prisma:query SELECT "public"."LeaveRequest"."id", "public"."LeaveRequest"."organizationId", "public"."LeaveRequest"."employeeId", "public"."LeaveRequest"."approverId", "public"."LeaveRequest"."leaveType"::text, "public"."LeaveRequest"."startDate", "public"."LeaveRequest"."endDate", "public"."LeaveRequest"."totalDays", "public"."LeaveRequest"."reason", "public"."LeaveRequest"."status"::text, "public"."LeaveRequest"."approverNote", "public"."LeaveRequest"."appliedAt", "public"."LeaveRequest"."reviewedAt", "public"."LeaveRequest"."updatedAt" FROM "public"."LeaveRequest" WHERE ("public"."LeaveRequest"."organizationId" = $1 AND "public"."LeaveRequest"."employeeId" = $2 AND "public"."LeaveRequest"."status" = CAST($3::text AS "public"."LeaveStatus") AND "public"."LeaveRequest"."startDate" <= $4 AND "public"."LeaveRequest"."endDate" >= $5) LIMIT $6 OFFSET $7
prisma:query INSERT INTO "public"."Attendance" ("id","organizationId","userId","date","checkIn","status","source","ipAddress","createdAt","updatedAt") VALUES ($1,$2,$3,$4,$5,CAST($6::text AS "public"."AttendanceStatus"),$7,$8,$9,$10) ON CONFLICT ("userId","date") DO UPDATE SET "checkIn" = $11, "checkOut" = $12, "workingHours" = $13, "status" = CAST($14::text AS "public"."AttendanceStatus"), "ipAddress" = $15, "source" = $16, "updatedAt" = $17 WHERE (("public"."Attendance"."userId" = $18 AND "public"."Attendance"."date" = $19) AND 1=1) RETURNING "public"."Attendance"."id", "public"."Attendance"."organizationId", "public"."Attendance"."userId", "public"."Attendance"."date", "public"."Attendance"."checkIn", "public"."Attendance"."checkOut", "public"."Attendance"."status"::text, "public"."Attendance"."workingHours", "public"."Attendance"."source", "public"."Attendance"."latitude", "public"."Attendance"."longitude", "public"."Attendance"."ipAddress", "public"."Attendance"."notes", "public"."Attendance"."createdAt", "public"."Attendance"."updatedAt"
2026-06-15 02:46:32 [[32minfo[39m]: 127.0.0.1 - - [14/Jun/2026:21:46:32 +0000] "POST /api/v1/attendance/ping HTTP/1.1" 200 114 "http://localhost:3000/" "Mozilla/5.0 (Windows NT 10.0; Win64; x64) AppleWebKit/537.36 (KHTML, like Gecko) Chrome/148.0.0.0 Safari/537.36"
[31m[nodemon] app crashed - waiting for file changes before starting...[39m
